[21:09:26] [ServerMain/INFO]: Environment: Environment[sessionHost=https://sessionserver.mojang.com, servicesHost=https://api.minecraftservices.com, name=PROD]
[21:09:30] [ServerMain/INFO]: Loaded 1407 recipes
[21:09:30] [ServerMain/INFO]: Loaded 1520 advancements
[21:09:30] [Server thread/INFO]: Starting minecraft server version 1.21.6
[21:09:30] [Server thread/INFO]: Loading properties
[21:09:30] [Server thread/INFO]: Default game type: SURVIVAL
[21:09:30] [Server thread/INFO]: Generating keypair
[21:09:30] [Server thread/INFO]: Starting Minecraft server on *:25565
[21:09:31] [Server thread/INFO]: Using default channel type
[21:09:31] [Server thread/WARN]: **** SERVER IS RUNNING IN OFFLINE/INSECURE MODE!
[21:09:31] [Server thread/WARN]: The server will make no attempt to authenticate usernames. Beware.
[21:09:31] [Server thread/WARN]: While this makes the game possible to play without internet access, it also opens up the ability for hackers to connect with any username they choose.
[21:09:31] [Server thread/WARN]: To change this, set "online-mode" to "true" in the server.properties file.
[21:09:31] [Server thread/INFO]: Preparing level "world"
[21:09:32] [Server thread/INFO]: Preparing start region for dimension minecraft:overworld
[21:09:36] [Worker-Main-7/INFO]: Preparing spawn area: 0%
[21:09:37] [Worker-Main-7/INFO]: Preparing spawn area: 0%
[21:09:37] [Worker-Main-7/INFO]: Preparing spawn area: 0%
[21:09:37] [Worker-Main-7/INFO]: Preparing spawn area: 0%
[21:09:37] [Worker-Main-7/INFO]: Preparing spawn area: 0%
[21:09:37] [Worker-Main-7/INFO]: Preparing spawn area: 0%
[21:09:37] [Worker-Main-7/INFO]: Preparing spawn area: 0%
[21:09:37] [Worker-Main-7/INFO]: Preparing spawn area: 0%
[21:09:37] [Worker-Main-7/INFO]: Preparing spawn area: 0%
[21:09:37] [Worker-Main-7/INFO]: Preparing spawn area: 0%
[21:09:37] [Worker-Main-8/INFO]: Preparing spawn area: 0%
[21:09:38] [Worker-Main-1/INFO]: Preparing spawn area: 83%
[21:09:38] [Worker-Main-9/INFO]: Preparing spawn area: 85%
[21:09:38] [Server thread/INFO]: Time elapsed: 6064 ms
[21:09:38] [Server thread/INFO]: Done (6.802s)! For help, type "help"
[21:09:46] [Server thread/WARN]: Ignored advancement 'minecraft:recipes/building_blocks/dye_brown_bed' in progress file .\world\advancements\36353d1e-eea2-3130-81fc-50b59c93ace5.json - it doesn't exist anymore?
[21:09:46] [Server thread/WARN]: Ignored advancement 'minecraft:recipes/building_blocks/dye_brown_carpet' in progress file .\world\advancements\36353d1e-eea2-3130-81fc-50b59c93ace5.json - it doesn't exist anymore?
[21:09:46] [Server thread/WARN]: Ignored advancement 'minecraft:recipes/building_blocks/dye_white_carpet' in progress file .\world\advancements\36353d1e-eea2-3130-81fc-50b59c93ace5.json - it doesn't exist anymore?
[21:09:46] [Server thread/WARN]: Ignored advancement 'minecraft:recipes/building_blocks/dye_white_bed' in progress file .\world\advancements\36353d1e-eea2-3130-81fc-50b59c93ace5.json - it doesn't exist anymore?
[21:09:46] [Server thread/WARN]: Ignored advancement 'minecraft:recipes/building_blocks/dye_black_bed' in progress file .\world\advancements\36353d1e-eea2-3130-81fc-50b59c93ace5.json - it doesn't exist anymore?
[21:09:46] [Server thread/WARN]: Ignored advancement 'minecraft:recipes/building_blocks/dye_black_carpet' in progress file .\world\advancements\36353d1e-eea2-3130-81fc-50b59c93ace5.json - it doesn't exist anymore?
[21:09:46] [Server thread/WARN]: Ignored advancement 'minecraft:recipes/building_blocks/dye_yellow_carpet' in progress file .\world\advancements\36353d1e-eea2-3130-81fc-50b59c93ace5.json - it doesn't exist anymore?
[21:09:46] [Server thread/WARN]: Ignored advancement 'minecraft:recipes/building_blocks/dye_yellow_bed' in progress file .\world\advancements\36353d1e-eea2-3130-81fc-50b59c93ace5.json - it doesn't exist anymore?
[21:09:46] [Server thread/WARN]: Ignored advancement 'minecraft:recipes/building_blocks/dye_blue_carpet' in progress file .\world\advancements\36353d1e-eea2-3130-81fc-50b59c93ace5.json - it doesn't exist anymore?
[21:09:46] [Server thread/WARN]: Ignored advancement 'minecraft:recipes/building_blocks/dye_blue_bed' in progress file .\world\advancements\36353d1e-eea2-3130-81fc-50b59c93ace5.json - it doesn't exist anymore?
[21:09:46] [Server thread/WARN]: Ignored advancement 'minecraft:recipes/building_blocks/dye_light_blue_bed' in progress file .\world\advancements\36353d1e-eea2-3130-81fc-50b59c93ace5.json - it doesn't exist anymore?
[21:09:46] [Server thread/WARN]: Ignored advancement 'minecraft:recipes/building_blocks/dye_light_blue_carpet' in progress file .\world\advancements\36353d1e-eea2-3130-81fc-50b59c93ace5.json - it doesn't exist anymore?
[21:09:46] [Server thread/WARN]: Ignored advancement 'minecraft:recipes/building_blocks/dye_light_gray_bed' in progress file .\world\advancements\36353d1e-eea2-3130-81fc-50b59c93ace5.json - it doesn't exist anymore?
[21:09:46] [Server thread/WARN]: Ignored advancement 'minecraft:recipes/building_blocks/dye_light_gray_carpet' in progress file .\world\advancements\36353d1e-eea2-3130-81fc-50b59c93ace5.json - it doesn't exist anymore?
[21:09:46] [Server thread/WARN]: Ignored advancement 'minecraft:recipes/building_blocks/dye_gray_carpet' in progress file .\world\advancements\36353d1e-eea2-3130-81fc-50b59c93ace5.json - it doesn't exist anymore?
[21:09:46] [Server thread/WARN]: Ignored advancement 'minecraft:recipes/building_blocks/dye_gray_bed' in progress file .\world\advancements\36353d1e-eea2-3130-81fc-50b59c93ace5.json - it doesn't exist anymore?
[21:09:46] [Server thread/WARN]: Ignored advancement 'minecraft:recipes/building_blocks/dye_green_bed' in progress file .\world\advancements\36353d1e-eea2-3130-81fc-50b59c93ace5.json - it doesn't exist anymore?
[21:09:46] [Server thread/WARN]: Ignored advancement 'minecraft:recipes/building_blocks/dye_green_carpet' in progress file .\world\advancements\36353d1e-eea2-3130-81fc-50b59c93ace5.json - it doesn't exist anymore?
[21:09:46] [Server thread/WARN]: Ignored advancement 'minecraft:recipes/building_blocks/dye_lime_bed' in progress file .\world\advancements\36353d1e-eea2-3130-81fc-50b59c93ace5.json - it doesn't exist anymore?
[21:09:46] [Server thread/WARN]: Ignored advancement 'minecraft:recipes/building_blocks/dye_lime_carpet' in progress file .\world\advancements\36353d1e-eea2-3130-81fc-50b59c93ace5.json - it doesn't exist anymore?
[21:09:46] [Server thread/WARN]: Ignored advancement 'minecraft:recipes/building_blocks/dye_cyan_bed' in progress file .\world\advancements\36353d1e-eea2-3130-81fc-50b59c93ace5.json - it doesn't exist anymore?
[21:09:46] [Server thread/WARN]: Ignored advancement 'minecraft:recipes/building_blocks/dye_cyan_carpet' in progress file .\world\advancements\36353d1e-eea2-3130-81fc-50b59c93ace5.json - it doesn't exist anymore?
[21:09:46] [Server thread/WARN]: Ignored advancement 'minecraft:recipes/building_blocks/dye_red_bed' in progress file .\world\advancements\36353d1e-eea2-3130-81fc-50b59c93ace5.json - it doesn't exist anymore?
[21:09:46] [Server thread/WARN]: Ignored advancement 'minecraft:recipes/building_blocks/dye_red_carpet' in progress file .\world\advancements\36353d1e-eea2-3130-81fc-50b59c93ace5.json - it doesn't exist anymore?
[21:09:46] [Server thread/WARN]: Ignored advancement 'minecraft:recipes/building_blocks/dye_orange_carpet' in progress file .\world\advancements\36353d1e-eea2-3130-81fc-50b59c93ace5.json - it doesn't exist anymore?
[21:09:46] [Server thread/WARN]: Ignored advancement 'minecraft:recipes/building_blocks/dye_orange_bed' in progress file .\world\advancements\36353d1e-eea2-3130-81fc-50b59c93ace5.json - it doesn't exist anymore?
[21:09:46] [Server thread/WARN]: Ignored advancement 'minecraft:recipes/building_blocks/dye_purple_bed' in progress file .\world\advancements\36353d1e-eea2-3130-81fc-50b59c93ace5.json - it doesn't exist anymore?
[21:09:46] [Server thread/WARN]: Ignored advancement 'minecraft:recipes/building_blocks/dye_purple_carpet' in progress file .\world\advancements\36353d1e-eea2-3130-81fc-50b59c93ace5.json - it doesn't exist anymore?
[21:09:46] [Server thread/WARN]: Ignored advancement 'minecraft:recipes/building_blocks/dye_pink_carpet' in progress file .\world\advancements\36353d1e-eea2-3130-81fc-50b59c93ace5.json - it doesn't exist anymore?
[21:09:46] [Server thread/WARN]: Ignored advancement 'minecraft:recipes/building_blocks/dye_pink_bed' in progress file .\world\advancements\36353d1e-eea2-3130-81fc-50b59c93ace5.json - it doesn't exist anymore?
[21:09:46] [Server thread/WARN]: Ignored advancement 'minecraft:recipes/building_blocks/dye_magenta_bed' in progress file .\world\advancements\36353d1e-eea2-3130-81fc-50b59c93ace5.json - it doesn't exist anymore?
[21:09:46] [Server thread/WARN]: Ignored advancement 'minecraft:recipes/building_blocks/dye_magenta_carpet' in progress file .\world\advancements\36353d1e-eea2-3130-81fc-50b59c93ace5.json - it doesn't exist anymore?
[21:09:46] [Server thread/INFO]: Misery2154[/26.9.49.45:2081] logged in with entity id 13 at (3953.300000011921, 73.0, 1130.4267501745555)
[21:09:46] [Server thread/INFO]: Misery2154 joined the game
[21:11:23] [Server thread/INFO]: Misery2154 lost connection: Disconnected
[21:11:23] [Server thread/INFO]: Misery2154 left the game
